<?xml version="1.0" encoding="UTF-8"?>
<!-- Generated by org.testng.reporters.JUnitXMLReporter -->
<testsuite ignored="0" hostname="LP-J54M1Z2" failures="1" tests="3" name="Test" time="18.708" errors="0" timestamp="2021-06-16T20:16:18 IST">
  <testcase classname="org.tutorialsNinja.SortLaptopTest" name="SortProducts" time="0.989"/>
  <testcase classname="org.tutorialsNinja.SortLaptopTest" name="SortProducts" time="0.739"/>
  <testcase classname="org.tutorialsNinja.SortLaptopTest" name="SortProducts" time="10.399">
    <failure type="org.openqa.selenium.NoSuchElementException" message="Cannot locate element with text: ABC
For documentation on this error, please visit: https://www.seleniumhq.org/exceptions/no_such_element.html
Build info: version: &amp;apos;3.141.59&amp;apos;, revision: &amp;apos;e82be7d358&amp;apos;, time: &amp;apos;2018-11-14T08:17:03&amp;apos;
System info: host: &amp;apos;LP-J54M1Z2&amp;apos;, ip: &amp;apos;192.168.29.226&amp;apos;, os.name: &amp;apos;Windows 10&amp;apos;, os.arch: &amp;apos;amd64&amp;apos;, os.version: &amp;apos;10.0&amp;apos;, java.version: &amp;apos;15.0.2&amp;apos;
Driver info: driver.version: unknown">
      <![CDATA[org.openqa.selenium.NoSuchElementException: Cannot locate element with text: ABC
For documentation on this error, please visit: https://www.seleniumhq.org/exceptions/no_such_element.html
Build info: version: '3.141.59', revision: 'e82be7d358', time: '2018-11-14T08:17:03'
System info: host: 'LP-J54M1Z2', ip: '192.168.29.226', os.name: 'Windows 10', os.arch: 'amd64', os.version: '10.0', java.version: '15.0.2'
Driver info: driver.version: unknown
at org.openqa.selenium.support.ui.Select.selectByVisibleText(Select.java:147)
at org.tutorialsNinja.pageObjects.LaptopsNotebooksPageObject.sortByFilter(LaptopsNotebooksPageObject.java:37)
at org.tutorialsNinja.SortLaptopTest.SortProducts(SortLaptopTest.java:52)
at java.base/java.util.ArrayList.forEach(ArrayList.java:1511)
... Removed 27 stack frames]]>
    </failure>
  </testcase> <!-- SortProducts -->
</testsuite> <!-- Test -->
