<?xml version="1.0" encoding="UTF-8"?>
<!-- Generated by org.testng.reporters.JUnitXMLReporter -->
<testsuite ignored="0" hostname="LP-J54M1Z2" failures="1" tests="2" name="Test2" time="15.651" errors="0" timestamp="2021-06-17T14:05:51 IST">
  <testcase classname="org.tutorialsNinja.SortLaptopTest" name="SortProducts" time="0.769"/>
  <testcase classname="org.tutorialsNinja.SortLaptopTest" name="SortProducts" time="10.321">
    <failure type="java.lang.Exception" message="Test data value is unavailable in SortBy dropdown.">
      <![CDATA[java.lang.Exception: Test data value is unavailable in SortBy dropdown.
at org.tutorialsNinja.pageObjects.LaptopsNotebooksPageObject.sortByFilter(LaptopsNotebooksPageObject.java:48)
at org.tutorialsNinja.SortLaptopTest.SortProducts(SortLaptopTest.java:52)
at java.base/java.util.ArrayList.forEach(ArrayList.java:1511)
Caused by: org.openqa.selenium.NoSuchElementException: Cannot locate element with text: ABC
For documentation on this error, please visit: https://www.seleniumhq.org/exceptions/no_such_element.html
Build info: version: '3.141.59', revision: 'e82be7d358', time: '2018-11-14T08:17:03'
System info: host: 'LP-J54M1Z2', ip: '192.168.29.226', os.name: 'Windows 10', os.arch: 'amd64', os.version: '10.0', java.version: '15.0.2'
Driver info: driver.version: unknown
at org.openqa.selenium.support.ui.Select.selectByVisibleText(Select.java:147)
at org.tutorialsNinja.pageObjects.LaptopsNotebooksPageObject.sortByFilter(LaptopsNotebooksPageObject.java:43)
... 29 more
... Removed 27 stack frames]]>
    </failure>
  </testcase> <!-- SortProducts -->
</testsuite> <!-- Test2 -->
